Abaqus/Explicit 2020                             DATE 12-Aug-2025  TIME 11:11:20
-------------------------------------------------------------------------------
 MODEL INFORMATION (IN GLOBAL X-Y COORDINATES)
-------------------------------------------------------------------------------

   Total mass in model = 6.86450E-03
   Center of mass of model = ( 4.445000E-02, 0.000000E+00, 1.270000E-02)

    Moments of Inertia :
                 About Center of Mass              About Origin
      I(XX)          3.796489E-07                  1.486825E-06
      I(YY)          4.905285E-06                  1.957536E-05
      I(ZZ)          4.531100E-06                  1.809400E-05
      I(XY)          0.000000E+00                  0.000000E+00
      I(YZ)          0.000000E+00                  0.000000E+00
      I(ZX)          7.681362E-14                 -3.875115E-06

-------------------------------------------------------------------------------
 STABLE TIME INCREMENT INFORMATION
-------------------------------------------------------------------------------


  The stable time increment estimate for each element is based on
  linearization about the initial state.


   Initial time increment = 3.81279E-08

   Statistics for all elements:
      Mean = 3.81281E-08
      Standard deviation = 7.52886E-11

   Most critical elements:
    Element number   Rank    Time increment   Increment ratio
    (Instance name)
   ----------------------------------------------------------
         212          1       3.812793E-08      1.000000E+00
    PART-1-1
         248          2       3.812793E-08      1.000000E+00
    PART-1-1
         477          3       3.812795E-08      9.999993E-01
    PART-1-1
         478          4       3.812795E-08      9.999993E-01
    PART-1-1
         513          5       3.812795E-08      9.999993E-01
    PART-1-1
         514          6       3.812795E-08      9.999993E-01
    PART-1-1
         211          7       3.812822E-08      9.999924E-01
    PART-1-1
         213          8       3.812822E-08      9.999924E-01
    PART-1-1
         214          9       3.812822E-08      9.999924E-01
    PART-1-1
         215         10       3.812822E-08      9.999924E-01
    PART-1-1


  Instance name for the most critical element will be printed if the critical
  element changes or at the beginning of a new page.



Abaqus/Explicit 2020                             DATE 12-Aug-2025  TIME 11:11:23

The single precision Abaqus/Explicit executable will be used in this analysis.


-------------------------------------------------------------------------------
 SOLUTION PROGRESS
-------------------------------------------------------------------------------

 STEP 1  ORIGIN 0.0000

  Total memory used for step 1 is approximately 1.5 megabytes.
  Element by element stable time estimation algorithm will be used.
  Scaling factor:  1.0000
  Variable mass scaling factor at zero increment: 1.0000
              STEP     TOTAL       CPU      STABLE    CRITICAL    KINETIC      TOTAL
INCREMENT     TIME      TIME      TIME   INCREMENT     ELEMENT     ENERGY     ENERGY
        0  0.000E+00 0.000E+00  00:00:00 3.813E-08         248  0.000E+00  0.000E+00
INSTANCE WITH CRITICAL ELEMENT: PART-1-1
ODB Field Frame Number      0 of     20 requested intervals at increment zero.

***WARNING: THE ANALYSIS MAY NEED A LARGE NUMBER OF INCREMENTS (MORE THAN
            300000), AND IT MAY BE AFFECTED BY ROUND-OFF ERRORS. RUNNING THE
            DOUBLE PRECISION EXECUTABLE IS RECOMMENDED.

    65511  2.500E-03 2.500E-03  00:00:10 3.813E-08         248  3.360E-09 -2.496E-10
INSTANCE WITH CRITICAL ELEMENT: PART-1-1
ODB Field Frame Number      1 of     20 requested intervals at  2.500000E-03
   130984  5.000E-03 5.000E-03  00:00:20 3.813E-08         248  1.360E-07 -9.777E-10
INSTANCE WITH CRITICAL ELEMENT: PART-1-1
ODB Field Frame Number      2 of     20 requested intervals at  5.000036E-03
   196456  7.500E-03 7.500E-03  00:00:30 3.813E-08         516  1.138E-08 -1.533E-09
INSTANCE WITH CRITICAL ELEMENT: PART-1-1
ODB Field Frame Number      3 of     20 requested intervals at  7.500033E-03
   261928  1.000E-02 1.000E-02  00:00:41 3.813E-08         516  5.771E-08 -2.178E-09
INSTANCE WITH CRITICAL ELEMENT: PART-1-1
ODB Field Frame Number      4 of     20 requested intervals at  1.000003E-02

***WARNING: THE ANALYSIS REACHED A LARGE NUMBER OF INCREMENTS (300000), AND IT
            MAY BE AFFECTED BY ROUND-OFF ERRORS. RUNNING THE DOUBLE PRECISION
            EXECUTABLE IS RECOMMENDED.

   327400  1.250E-02 1.250E-02  00:00:51 3.813E-08         516  1.394E-08 -2.873E-09
INSTANCE WITH CRITICAL ELEMENT: PART-1-1
ODB Field Frame Number      5 of     20 requested intervals at  1.250003E-02
   392872  1.500E-02 1.500E-02  00:01:01 3.813E-08         248  2.184E-08 -3.751E-09
INSTANCE WITH CRITICAL ELEMENT: PART-1-1
ODB Field Frame Number      6 of     20 requested intervals at  1.500003E-02
   459571  1.750E-02 1.750E-02  00:01:12 3.813E-08         248  7.073E-09 -5.116E-09
INSTANCE WITH CRITICAL ELEMENT: PART-1-1
ODB Field Frame Number      7 of     20 requested intervals at  1.750000E-02
   526680  2.000E-02 2.000E-02  00:01:22 3.813E-08         248  1.451E-08 -6.349E-09
INSTANCE WITH CRITICAL ELEMENT: PART-1-1
ODB Field Frame Number      8 of     20 requested intervals at  2.000001E-02
   593789  2.250E-02 2.250E-02  00:01:33 3.813E-08         248  6.527E-10 -7.500E-09
INSTANCE WITH CRITICAL ELEMENT: PART-1-1
ODB Field Frame Number      9 of     20 requested intervals at  2.250001E-02
   660898  2.500E-02 2.500E-02  00:01:43 3.813E-08         248  8.279E-09 -8.333E-09
INSTANCE WITH CRITICAL ELEMENT: PART-1-1
ODB Field Frame Number     10 of     20 requested intervals at  2.500002E-02
   728007  2.750E-02 2.750E-02  00:01:54 3.813E-08         248  5.143E-11 -9.030E-09
INSTANCE WITH CRITICAL ELEMENT: PART-1-1
ODB Field Frame Number     11 of     20 requested intervals at  2.750002E-02
   795116  3.000E-02 3.000E-02  00:02:04 3.813E-08         248  3.777E-09 -9.568E-09
INSTANCE WITH CRITICAL ELEMENT: PART-1-1
ODB Field Frame Number     12 of     20 requested intervals at  3.000003E-02
   862225  3.250E-02 3.250E-02  00:02:15 3.813E-08         248  4.783E-10 -1.001E-08
INSTANCE WITH CRITICAL ELEMENT: PART-1-1
ODB Field Frame Number     13 of     20 requested intervals at  3.250003E-02
   929333  3.500E-02 3.500E-02  00:02:25 3.813E-08         248  1.357E-09 -1.045E-08
INSTANCE WITH CRITICAL ELEMENT: PART-1-1
ODB Field Frame Number     14 of     20 requested intervals at  3.500000E-02
   996442  3.750E-02 3.750E-02  00:02:36 3.813E-08         248  6.427E-10 -1.074E-08
INSTANCE WITH CRITICAL ELEMENT: PART-1-1
ODB Field Frame Number     15 of     20 requested intervals at  3.750001E-02
  1063551  4.000E-02 4.000E-02  00:02:46 3.813E-08         248  3.504E-10 -1.098E-08
INSTANCE WITH CRITICAL ELEMENT: PART-1-1
ODB Field Frame Number     16 of     20 requested intervals at  4.000001E-02
  1130660  4.250E-02 4.250E-02  00:02:57 3.813E-08         248  5.203E-10 -1.112E-08
INSTANCE WITH CRITICAL ELEMENT: PART-1-1
ODB Field Frame Number     17 of     20 requested intervals at  4.250002E-02
  1197769  4.500E-02 4.500E-02  00:03:07 3.813E-08         248  4.604E-11 -1.123E-08
INSTANCE WITH CRITICAL ELEMENT: PART-1-1
ODB Field Frame Number     18 of     20 requested intervals at  4.500002E-02
  1264878  4.750E-02 4.750E-02  00:03:18 3.813E-08         248  3.155E-10 -1.131E-08
INSTANCE WITH CRITICAL ELEMENT: PART-1-1
ODB Field Frame Number     19 of     20 requested intervals at  4.750003E-02
  1331987  5.000E-02 5.000E-02  00:03:28 3.813E-08         248  2.081E-14 -1.136E-08
INSTANCE WITH CRITICAL ELEMENT: PART-1-1
Restart Number  1 at 5.00000E-02
ODB Field Frame Number     20 of     20 requested intervals at  5.000000E-02
  EXPLICIT EXECUTABLE TIME SUMMARY
    USER TIME (SEC)      =   208.80
    SYSTEM TIME (SEC)    =   1.1000
    WALLCLOCK TIME (SEC) =        209

  THE ANALYSIS HAS COMPLETED SUCCESSFULLY

