Abaqus/Explicit 2024                             DATE 14-Aug-2025  TIME 13:46:14
-------------------------------------------------------------------------------
 MODEL INFORMATION (IN GLOBAL X-Y COORDINATES)
-------------------------------------------------------------------------------

   Total mass in model = 6.86450E-03
   Center of mass of model = ( 4.445000E-02, 0.000000E+00, 1.270000E-02)

    Moments of Inertia :
                 About Center of Mass              About Origin
      I(XX)          3.796489E-07                  1.486825E-06
      I(YY)          4.905285E-06                  1.957536E-05
      I(ZZ)          4.531100E-06                  1.809400E-05
      I(XY)          0.000000E+00                  0.000000E+00
      I(YZ)          0.000000E+00                  0.000000E+00
      I(ZX)          7.681362E-14                 -3.875115E-06

-------------------------------------------------------------------------------
 STABLE TIME INCREMENT INFORMATION
-------------------------------------------------------------------------------


  The stable time increment estimate for each element is based on
  linearization about the initial state.


   Initial time increment = 4.78225E-08

   Statistics for all elements:
      Mean = 4.78229E-08
      Standard deviation = 0.0000

   Most critical elements:
    Element number   Rank    Time increment   Increment ratio
    (Instance name)
   ----------------------------------------------------------
         212          1       4.782252E-08      1.000000E+00
    PART-1-1
         248          2       4.782252E-08      1.000000E+00
    PART-1-1
         477          3       4.782257E-08      9.999991E-01
    PART-1-1
         478          4       4.782257E-08      9.999991E-01
    PART-1-1
         513          5       4.782257E-08      9.999991E-01
    PART-1-1
         514          6       4.782257E-08      9.999991E-01
    PART-1-1
         211          7       4.782258E-08      9.999989E-01
    PART-1-1
         213          8       4.782258E-08      9.999989E-01
    PART-1-1
         214          9       4.782258E-08      9.999989E-01
    PART-1-1
         216         10       4.782258E-08      9.999989E-01
    PART-1-1


  Instance name for the most critical element will be printed if the critical
  element changes or at the beginning of a new page.



Abaqus/Explicit 2024                             DATE 14-Aug-2025  TIME 13:46:17

The single precision Abaqus/Explicit executable will be used in this analysis.


-------------------------------------------------------------------------------
 SOLUTION PROGRESS
-------------------------------------------------------------------------------

 STEP 1  ORIGIN 0.0000

  Total memory used for step 1 is approximately 2.3 megabytes.
  Element by element stable time estimation algorithm will be used.
  Scaling factor:  1.0000
              STEP     TOTAL      WALL      STABLE    CRITICAL    KINETIC      TOTAL
INCREMENT     TIME      TIME      TIME   INCREMENT     ELEMENT     ENERGY     ENERGY
        0  0.000E+00 0.000E+00  00:00:00 4.782E-08         248  0.000E+00  0.000E+00
INSTANCE WITH CRITICAL ELEMENT: PART-1-1
Output Field Frame Number     0, of     20, at step time 0.000E+00

***WARNING: THE ANALYSIS MAY NEED A LARGE NUMBER OF INCREMENTS (MORE THAN
            300000), AND IT MAY BE AFFECTED BY ROUND-OFF ERRORS. RUNNING THE
            DOUBLE PRECISION EXECUTABLE IS RECOMMENDED.

    52284  2.500E-03 2.500E-03  00:00:09 4.782E-08         248  0.000E+00  0.000E+00
INSTANCE WITH CRITICAL ELEMENT: PART-1-1
Output Field Frame Number     1, of     20, at step time 2.500E-03
   104551  5.000E-03 5.000E-03  00:00:19 4.782E-08         248  1.649E-11  1.649E-11
INSTANCE WITH CRITICAL ELEMENT: PART-1-1
Output Field Frame Number     2, of     20, at step time 5.000E-03
   156674  7.500E-03 7.500E-03  00:00:29 4.782E-08         477  7.683E-04 -2.388E-08
INSTANCE WITH CRITICAL ELEMENT: PART-1-1
Output Field Frame Number     3, of     20, at step time 7.500E-03
   209245  1.000E-02 1.000E-02  00:00:39 4.782E-08         514  1.552E-06 -7.823E-08
INSTANCE WITH CRITICAL ELEMENT: PART-1-1
Output Field Frame Number     4, of     20, at step time 1.000E-02
   261879  1.250E-02 1.250E-02  00:00:50 4.782E-08         477  3.400E-04 -1.998E-07
INSTANCE WITH CRITICAL ELEMENT: PART-1-1
Output Field Frame Number     5, of     20, at step time 1.250E-02

***WARNING: THE ANALYSIS REACHED A LARGE NUMBER OF INCREMENTS (300000), AND IT
            MAY BE AFFECTED BY ROUND-OFF ERRORS. RUNNING THE DOUBLE PRECISION
            EXECUTABLE IS RECOMMENDED.

   314514  1.500E-02 1.500E-02  00:01:00 4.782E-08         477  4.191E-04 -3.462E-07
INSTANCE WITH CRITICAL ELEMENT: PART-1-1
Output Field Frame Number     6, of     20, at step time 1.500E-02
   366389  1.750E-02 1.750E-02  00:01:10 4.782E-08         477  1.225E-04 -5.059E-07
INSTANCE WITH CRITICAL ELEMENT: PART-1-1
Output Field Frame Number     7, of     20, at step time 1.750E-02
   418011  2.000E-02 2.000E-02  00:01:20 4.782E-08         516  5.461E-09 -6.418E-07
INSTANCE WITH CRITICAL ELEMENT: PART-1-1
Output Field Frame Number     8, of     20, at step time 2.000E-02
   469633  2.250E-02 2.250E-02  00:01:30 4.782E-08         516  6.168E-05 -8.070E-07
INSTANCE WITH CRITICAL ELEMENT: PART-1-1
Output Field Frame Number     9, of     20, at step time 2.250E-02
   521255  2.500E-02 2.500E-02  00:01:40 4.782E-08         477  1.102E-04 -1.142E-06
INSTANCE WITH CRITICAL ELEMENT: PART-1-1
Output Field Frame Number    10, of     20, at step time 2.500E-02
   572878  2.750E-02 2.750E-02  00:01:50 4.782E-08         477  6.957E-05 -1.341E-06
INSTANCE WITH CRITICAL ELEMENT: PART-1-1
Output Field Frame Number    11, of     20, at step time 2.750E-02
   624500  3.000E-02 3.000E-02  00:02:00 4.782E-08         477  1.276E-05 -1.583E-06
INSTANCE WITH CRITICAL ELEMENT: PART-1-1
Output Field Frame Number    12, of     20, at step time 3.000E-02
   676122  3.250E-02 3.250E-02  00:02:10 4.782E-08         477  1.539E-06 -2.011E-06
INSTANCE WITH CRITICAL ELEMENT: PART-1-1
Output Field Frame Number    13, of     20, at step time 3.250E-02
   727744  3.500E-02 3.500E-02  00:02:20 4.782E-08         477  1.794E-05 -2.503E-06
INSTANCE WITH CRITICAL ELEMENT: PART-1-1
Output Field Frame Number    14, of     20, at step time 3.500E-02
   779367  3.750E-02 3.750E-02  00:02:30 4.782E-08         477  2.280E-05 -2.830E-06
INSTANCE WITH CRITICAL ELEMENT: PART-1-1
Output Field Frame Number    15, of     20, at step time 3.750E-02
   830989  4.000E-02 4.000E-02  00:02:39 4.782E-08         477  1.114E-05 -3.129E-06
INSTANCE WITH CRITICAL ELEMENT: PART-1-1
Output Field Frame Number    16, of     20, at step time 4.000E-02
   882611  4.250E-02 4.250E-02  00:02:49 4.782E-08         477  1.050E-06 -3.888E-06
INSTANCE WITH CRITICAL ELEMENT: PART-1-1
Output Field Frame Number    17, of     20, at step time 4.250E-02
   934233  4.500E-02 4.500E-02  00:02:59 4.782E-08         477  1.074E-06 -4.753E-06
INSTANCE WITH CRITICAL ELEMENT: PART-1-1
Output Field Frame Number    18, of     20, at step time 4.500E-02
   985855  4.750E-02 4.750E-02  00:03:09 4.782E-08         477  4.531E-06 -5.691E-06
INSTANCE WITH CRITICAL ELEMENT: PART-1-1
Output Field Frame Number    19, of     20, at step time 4.750E-02
  1037478  5.000E-02 5.000E-02  00:03:19 4.782E-08         477  4.429E-06 -6.542E-06
INSTANCE WITH CRITICAL ELEMENT: PART-1-1
Restart Number  1 at 5.00000E-02
Output Field Frame Number    20, of     20, at step time 5.000E-02
  EXPLICIT EXECUTABLE TIME SUMMARY
       USER TIME (SEC)      =   191.70
       SYSTEM TIME (SEC)    =   1.2000
       WALLCLOCK TIME (SEC) =          199
              INIT (SEC) =          0
              MAIN (SEC) =        199

  THE ANALYSIS HAS COMPLETED SUCCESSFULLY

