1
0
1
ASSEMBLY
1
PART-1-1
PART-1
1
PART-1-1
14
-2147483646
0
48 1 16 5 0 1 0 -1 -1 585 1 -1879048189 1 585 
14
48 1 16 5 0 1 0 -1 -1 585 1 -1879048189 1 585 
0
1
PART-1-1
14
-2147483646
0
48 1 16 5 0 1 0 -1 -1 528 1 -1879048189 1 528 
14
48 1 16 5 0 1 0 -1 -1 528 1 -1879048189 1 528 
0
1
SET-1
0
1
0
1
PART-1-1
24
127 128 129 130 131 132 259 260 261 262 263 264 391 392 393 394 395 396 523 524 525 526 527 528 
0
1
PART-1-1
1
SET-1
0
1
14
-2147483647
48 1 16 5 0 1 0 -1 -1 528 1 -1879048189 1 528 
0
0
0
2
SET-1
0
1
0
1
PART-1-1
26
3 4 5 6 8 9 36 37 38 39 40 83 84 85 86 87 114 115 116 117 118 161 162 163 164 165 
0
SET-2
0
1
0
1
PART-1-1
1
1 
0
1
PART-1-1
2
CENTERNODE
0
1
1
1 
0
0
SET-1
0
1
14
-2147483647
48 1 16 5 0 1 0 -1 -1 585 1 -1879048189 1 585 
0
0
0
0
0
