
                             U2 N: 1 NSET CENT
                  X               ERNODE-1    

                0.                 0.         
              250.005E-06          0.         
              500.003E-06          0.         
              750.002E-06          0.         
                1.E-03             0.         
                1.25005E-03        0.         
                1.50005E-03        0.         
                1.75005E-03        0.         
                2.00003E-03        0.         
                2.25004E-03        0.         
                2.5E-03            0.         
                2.75001E-03        0.         
                3.00002E-03        0.         
                3.25003E-03        0.         
                3.50005E-03        0.         
                3.75001E-03        0.         
                4.00005E-03        0.         
                4.25003E-03        0.         
                4.50001E-03        0.         
                4.75004E-03        0.         
                5.00003E-03        0.         
                5.25001E-03     -165.462E-06  
                5.50004E-03     -239.309E-06  
                5.75003E-03      -73.7584E-06 
                6.00001E-03      158.901E-06  
                6.25004E-03      231.055E-06  
                6.50003E-03       77.3579E-06 
                6.75001E-03     -147.52E-06   
                7.00004E-03     -226.562E-06  
                7.25003E-03      -87.4007E-06 
                7.50001E-03      131.375E-06  
                7.75004E-03      220.357E-06  
                8.00001E-03       96.8736E-06 
                8.25004E-03     -116.16E-06   
                8.50002E-03     -211.597E-06  
                8.75004E-03     -101.023E-06  
                9.00002E-03      102.669E-06  
                9.25E-03         201.576E-06  
                9.50003E-03      103.986E-06  
                9.75001E-03      -89.8049E-06 
               10.E-03          -191.265E-06  
               10.25E-03        -105.982E-06  
               10.5E-03           77.8828E-06 
               10.75E-03         181.135E-06  
               11.E-03           107.343E-06  
               11.25E-03         -66.7171E-06 
               11.5E-03         -171.27E-06   
               11.75E-03        -108.301E-06  
               12.E-03            56.1993E-06 
               12.25E-03         161.621E-06  
               12.5E-03          108.843E-06  
               12.75E-03         -46.3092E-06 
               13.E-03          -152.141E-06  
               13.25E-03        -108.937E-06  
               13.5E-03           36.9791E-06 
               13.75E-03         142.823E-06  
               14.E-03           108.621E-06  
               14.25E-03         -28.2531E-06 
               14.5E-03         -133.7E-06    
               14.75E-03        -107.893E-06  
               15.E-03            20.1528E-06 
               15.25E-03         124.767E-06  
               15.5E-03          106.752E-06  
               15.75E-03         -11.3286E-06 
               16.E-03          -114.431E-06  
               16.25E-03        -108.69E-06   
               16.5E-03           -2.93172E-06
               16.75E-03         102.137E-06  
               17.E-03           109.698E-06  
               17.25E-03          15.8787E-06 
               17.5E-03          -89.5454E-06 
               17.75E-03        -109.089E-06  
               18.E-03           -27.4718E-06 
               18.25E-03          76.8372E-06 
               18.5E-03          107.012E-06  
               18.75E-03          37.6177E-06 
               19.E-03           -64.1839E-06 
               19.25E-03        -103.626E-06  
               19.5E-03          -46.3239E-06 
               19.75E-03          51.7808E-06 
               20.E-03            99.0756E-06 
               20.25E-03          53.6016E-06 
               20.5E-03          -39.7703E-06 
               20.75E-03         -93.534E-06  
               21.E-03           -59.445E-06  
               21.25E-03          28.2638E-06 
               21.5E-03           87.1537E-06 
               21.75E-03          63.9043E-06 
               22.E-03           -17.4192E-06 
               22.25E-03         -80.1117E-06 
               22.5E-03          -67.0548E-06 
               22.75E-03           7.30899E-06
               23.E-03            72.5553E-06 
               23.25E-03          68.9362E-06 
               23.5E-03            1.99411E-06
               23.75E-03         -64.6383E-06 
               24.E-03           -69.6531E-06 
               24.25E-03         -10.4072E-06 
               24.5E-03           56.5115E-06 
               24.75E-03          69.2934E-06 
               25.E-03            17.9068E-06 
               25.25E-03         -48.3139E-06 
               25.5E-03          -67.9575E-06 
               25.75E-03         -24.4493E-06 
               26.E-03            40.1498E-06 
               26.25E-03          65.7476E-06 
               26.5E-03           30.0284E-06 
               26.75E-03         -32.1641E-06 
               27.E-03           -62.7843E-06 
               27.25E-03         -34.67E-06   
               27.5E-03           24.4376E-06 
               27.75E-03          59.1674E-06 
               28.E-03            38.3602E-06 
               28.25E-03         -17.0589E-06 
               28.5E-03          -55.0199E-06 
               28.75E-03         -41.1516E-06 
               29.E-03            10.1148E-06 
               29.25E-03          50.4369E-06 
               29.5E-03           43.0808E-06 
               29.75E-03          -3.66785E-06
               30.E-03           -45.5412E-06 
               30.25E-03         -44.1945E-06 
               30.5E-03           -2.25204E-06
               30.75E-03          40.4213E-06 
               31.E-03            44.5479E-06 
               31.25E-03           7.57732E-06
               31.5E-03          -35.1764E-06 
               31.75E-03         -44.2177E-06 
               32.E-03           -12.3029E-06 
               32.25E-03          29.8962E-06 
               32.5E-03           43.2547E-06 
               32.75E-03          16.4116E-06 
               33.E-03           -24.6674E-06 
               33.25E-03         -41.7452E-06 
               33.5E-03          -19.8941E-06 
               33.75E-03          19.5451E-06 
               34.E-03            39.7506E-06 
               34.25E-03          22.7532E-06 
               34.5E-03          -14.619E-06  
               34.75E-03         -37.3556E-06 
               35.E-03           -25.0205E-06 
               35.25E-03           9.92696E-06
               35.5E-03           34.6222E-06 
               35.75E-03          26.6944E-06 
               36.E-03            -5.52143E-06
               36.25E-03         -31.6308E-06 
               36.5E-03          -27.8217E-06 
               36.75E-03           1.44312E-06
               37.E-03            28.4423E-06 
               37.25E-03          28.4278E-06 
               37.5E-03            2.27244E-06
               37.75E-03         -25.1322E-06 
               38.E-03           -28.5565E-06 
               38.25E-03          -5.62085E-06
               38.5E-03           21.7453E-06 
               38.75E-03          28.2421E-06 
               39.E-03             8.56315E-06
               39.25E-03         -18.3581E-06 
               39.5E-03          -27.5427E-06 
               39.75E-03         -11.1103E-06 
               40.E-03            15.006E-06  
               40.25E-03          26.4903E-06 
               40.5E-03           13.2539E-06 
               40.75E-03         -11.7429E-06 
               41.E-03           -25.1463E-06 
               41.25E-03         -15.0019E-06 
               41.5E-03            8.60585E-06
               41.75E-03          23.5454E-06 
               42.E-03            16.3578E-06 
               42.25E-03          -5.63779E-06
               42.5E-03          -21.7479E-06 
               42.75E-03         -17.3522E-06 
               43.E-03             2.85137E-06
               43.25E-03          19.787E-06  
               43.5E-03           17.9862E-06 
               43.75E-03        -291.11E-09   
               44.E-03           -17.7165E-06 
               44.25E-03         -18.3001E-06 
               44.5E-03           -2.04113E-06
               44.75E-03          15.5698E-06 
               45.E-03            18.3036E-06 
               45.25E-03           4.12402E-06
               45.5E-03          -13.3958E-06 
               45.75E-03         -18.039E-06  
               46.E-03            -5.95369E-06
               46.25E-03          11.2153E-06 
               46.5E-03           17.5242E-06 
               46.75E-03           7.51857E-06
               47.E-03            -9.07812E-06
               47.25E-03         -16.8002E-06 
               47.5E-03           -8.83391E-06
               47.75E-03           6.99823E-06
               48.E-03            15.8866E-06 
               48.25E-03           9.88639E-06
               48.5E-03           -5.01009E-06
               48.75E-03         -14.8256E-06 
               49.E-03           -10.6988E-06 
               49.25E-03           3.12882E-06
               49.5E-03           13.6362E-06 
               49.75E-03          11.2717E-06 
               50.E-03            -1.37932E-06




